#
# There is insufficient memory for the Java Runtime Environment to continue.
# Native memory allocation (malloc) failed to allocate 37456 bytes for Chunk::new
# Possible reasons:
#   The system is out of physical RAM or swap space
#   In 32 bit mode, the process size limit was hit
# Possible solutions:
#   Reduce memory load on the system
#   Increase physical memory or swap space
#   Check if swap backing store is full
#   Use 64 bit Java on a 64 bit OS
#   Decrease Java heap size (-Xmx/-Xms)
#   Decrease number of Java threads
#   Decrease Java thread stack sizes (-Xss)
#   Set larger code cache with -XX:ReservedCodeCacheSize=
# This output file may be truncated or incomplete.
#
#  Out of Memory Error (allocation.cpp:390), pid=11760, tid=4056
#
# JRE version: Java(TM) SE Runtime Environment (8.0_91-b14) (build 1.8.0_91-b14)
# Java VM: Java HotSpot(TM) 64-Bit Server VM (25.91-b14 mixed mode windows-amd64 compressed oops)
# Failed to write core dump. Minidumps are not enabled by default on client versions of Windows
#

---------------  T H R E A D  ---------------

Current thread (0x0000000014f5b000):  JavaThread "C2 CompilerThread0" daemon [_thread_in_native, id=4056, stack(0x0000000015f80000,0x0000000016080000)]

Stack: [0x0000000015f80000,0x0000000016080000]
[error occurred during error reporting (printing stack bounds), id 0xc0000005]

Native frames: (J=compiled Java code, j=interpreted, Vv=VM code, C=native code)


Current CompileTask:
C2:   3226 1222       4       com.android.dx.ssa.SsaRenamer$BlockRenamer::addMapping (143 bytes)


---------------  P R O C E S S  ---------------

Java Threads: ( => current thread )
  0x00000000165ac800 JavaThread "pool-1-thread-4" [_thread_in_Java, id=10736, stack(0x0000000016b80000,0x0000000016c80000)]
  0x00000000165a8800 JavaThread "pool-1-thread-3" [_thread_in_Java, id=8208, stack(0x0000000016a80000,0x0000000016b80000)]
  0x00000000165a7000 JavaThread "pool-1-thread-2" [_thread_in_Java, id=9708, stack(0x0000000016980000,0x0000000016a80000)]
  0x00000000165a1000 JavaThread "pool-2-thread-1" [_thread_blocked, id=376, stack(0x0000000016880000,0x0000000016980000)]
  0x00000000165a0000 JavaThread "pool-1-thread-1" [_thread_blocked, id=10080, stack(0x0000000016780000,0x0000000016880000)]
  0x0000000014fb5800 JavaThread "Service Thread" daemon [_thread_blocked, id=11352, stack(0x0000000016180000,0x0000000016280000)]
  0x0000000014fb2800 JavaThread "C1 CompilerThread1" daemon [_thread_blocked, id=3460, stack(0x0000000016080000,0x0000000016180000)]
=>0x0000000014f5b000 JavaThread "C2 CompilerThread0" daemon [_thread_in_native, id=4056, stack(0x0000000015f80000,0x0000000016080000)]
  0x0000000014f59000 JavaThread "Attach Listener" daemon [_thread_blocked, id=10880, stack(0x0000000015e80000,0x0000000015f80000)]
  0x0000000014f56000 JavaThread "Signal Dispatcher" daemon [_thread_blocked, id=6580, stack(0x0000000015d80000,0x0000000015e80000)]
  0x0000000014f48800 JavaThread "Finalizer" daemon [_thread_blocked, id=8056, stack(0x0000000015ba0000,0x0000000015ca0000)]
  0x0000000002abb800 JavaThread "Reference Handler" daemon [_thread_blocked, id=11524, stack(0x0000000015aa0000,0x0000000015ba0000)]
  0x00000000029d0800 JavaThread "main" [_thread_in_native, id=8696, stack(0x0000000002810000,0x0000000002910000)]

Other Threads:
  0x0000000014f26000 VMThread [stack: 0x00000000159a0000,0x0000000015aa0000] [id=11912]
  0x0000000014fc0000 WatcherThread [stack: 0x0000000016280000,0x0000000016380000] [id=4264]

VM state:not at safepoint (normal execution)

VM Mutex/Monitor currently owned by a thread: None

Heap:
 PSYoungGen      total 27648K, used 15583K [0x00000000eab00000, 0x00000000ee100000, 0x0000000100000000)
  eden space 24064K, 50% used [0x00000000eab00000,0x00000000eb6e3ad0,0x00000000ec280000)
  from space 3584K, 95% used [0x00000000ec280000,0x00000000ec5d4468,0x00000000ec600000)
  to   space 3584K, 0% used [0x00000000edd80000,0x00000000edd80000,0x00000000ee100000)
 ParOldGen       total 62976K, used 0K [0x00000000c0000000, 0x00000000c3d80000, 0x00000000eab00000)
  object space 62976K, 0% used [0x00000000c0000000,0x00000000c0000000,0x00000000c3d80000)
 Metaspace       used 6081K, capacity 6964K, committed 7040K, reserved 1056768K
  class space    used 605K, capacity 620K, committed 640K, reserved 1048576K

Card table byte_map: [0x0000000011e90000,0x00000000120a0000] byte_map_base: 0x0000000011890000

Marking Bits: (ParMarkBitMap*) 0x0000000060822f70
 Begin Bits: [0x0000000012400000, 0x0000000013400000)
 End Bits:   [0x0000000013400000, 0x0000000014400000)

Polling page: 0x0000000000ee0000

CodeCache: size=245760Kb used=4927Kb max_used=4929Kb free=240832Kb
 bounds [0x0000000002ad0000, 0x0000000002fb0000, 0x0000000011ad0000]
 total_blobs=1493 nmethods=1219 adapters=185
 compilation: enabled

Compilation events (10 events):
Event: 3.216 Thread 0x0000000014fb2800 nmethod 1219 0x0000000002f9efd0 code [0x0000000002f9f180, 0x0000000002f9f838]
Event: 3.217 Thread 0x0000000014fb2800 1220       3       com.android.dx.ssa.back.LivenessAnalyzer::constructInterferenceGraph (47 bytes)
Event: 3.217 Thread 0x0000000014fb2800 nmethod 1220 0x0000000002f9fad0 code [0x0000000002f9fc80, 0x0000000002fa00b8]
Event: 3.218 Thread 0x0000000014f5b000 1221       4       java.util.HashMap::<init> (11 bytes)
Event: 3.218 Thread 0x0000000014fb2800 1224       3       com.android.dx.ssa.SCCP::<init> (142 bytes)
Event: 3.218 Thread 0x0000000014f5b000 nmethod 1221 0x0000000002f46b90 code [0x0000000002f46cc0, 0x0000000002f46d18]
Event: 3.218 Thread 0x0000000014f5b000 1222       4       com.android.dx.ssa.SsaRenamer$BlockRenamer::addMapping (143 bytes)
Event: 3.219 Thread 0x0000000014fb2800 nmethod 1224 0x0000000002fa1250 code [0x0000000002fa14c0, 0x0000000002fa25e8]
Event: 3.222 Thread 0x0000000014fb2800 1226       3       com.android.dx.rop.code.Insn::canThrow (8 bytes)
Event: 3.223 Thread 0x0000000014fb2800 nmethod 1226 0x0000000002fa0c50 code [0x0000000002fa0dc0, 0x0000000002fa1128]

GC Heap History (2 events):
Event: 1.968 GC heap before
{Heap before GC invocations=1 (full 0):
 PSYoungGen      total 27648K, used 24064K [0x00000000eab00000, 0x00000000ec980000, 0x0000000100000000)
  eden space 24064K, 100% used [0x00000000eab00000,0x00000000ec280000,0x00000000ec280000)
  from space 3584K, 0% used [0x00000000ec600000,0x00000000ec600000,0x00000000ec980000)
  to   space 3584K, 0% used [0x00000000ec280000,0x00000000ec280000,0x00000000ec600000)
 ParOldGen       total 62976K, used 0K [0x00000000c0000000, 0x00000000c3d80000, 0x00000000eab00000)
  object space 62976K, 0% used [0x00000000c0000000,0x00000000c0000000,0x00000000c3d80000)
 Metaspace       used 5547K, capacity 6512K, committed 6784K, reserved 1056768K
  class space    used 596K, capacity 616K, committed 640K, reserved 1048576K
Event: 2.099 GC heap after
Heap after GC invocations=1 (full 0):
 PSYoungGen      total 27648K, used 3409K [0x00000000eab00000, 0x00000000ee100000, 0x0000000100000000)
  eden space 24064K, 0% used [0x00000000eab00000,0x00000000eab00000,0x00000000ec280000)
  from space 3584K, 95% used [0x00000000ec280000,0x00000000ec5d4468,0x00000000ec600000)
  to   space 3584K, 0% used [0x00000000edd80000,0x00000000edd80000,0x00000000ee100000)
 ParOldGen       total 62976K, used 0K [0x00000000c0000000, 0x00000000c3d80000, 0x00000000eab00000)
  object space 62976K, 0% used [0x00000000c0000000,0x00000000c0000000,0x00000000c3d80000)
 Metaspace       used 5547K, capacity 6512K, committed 6784K, reserved 1056768K
  class space    used 596K, capacity 616K, committed 640K, reserved 1048576K
}

Deoptimization events (3 events):
Event: 0.748 Thread 0x00000000029d0800 Uncommon trap: reason=unstable_if action=reinterpret pc=0x0000000002c29f54 method=java.lang.String.compareTo(Ljava/lang/String;)I @ 38
Event: 2.186 Thread 0x00000000165ac800 Uncommon trap: reason=unstable_if action=reinterpret pc=0x0000000002ceeda0 method=java.util.HashMap.getNode(ILjava/lang/Object;)Ljava/util/HashMap$Node; @ 62
Event: 2.969 Thread 0x00000000165a0000 Uncommon trap: reason=unstable_if action=reinterpret pc=0x0000000002d0d1b0 method=java.util.BitSet.nextSetBit(I)I @ 87

Internal exceptions (2 events):
Event: 0.080 Thread 0x00000000029d0800 Exception <a 'java/lang/NoSuchMethodError': Method sun.misc.Unsafe.defineClass(Ljava/lang/String;[BII)Ljava/lang/Class; name or signature does not match> (0x00000000eab07cc0) thrown at [C:\re\workspace\8-2-build-windows-amd64-cygwin\jdk8u91\6644\hotspot\srôŒ’ZÏe´?
Event: 0.080 Thread 0x00000000029d0800 Exception <a 'java/lang/NoSuchMethodError': Method sun.misc.Unsafe.prefetchRead(Ljava/lang/Object;J)V name or signature does not match> (0x00000000eab07fa8) thrown at [C:\re\workspace\8-2-build-windows-amd64-cygwin\jdk8u91\6644\hotspot\src\share\vm\prims\j

Events (10 events):
Event: 2.298 loading class com/android/dx/cf/attrib/AttSignature done
Event: 2.515 Executing VM operation: ForceSafepoint
Event: 2.596 Executing VM operation: ForceSafepoint done
Event: 2.816 loading class com/android/dx/dex/file/FieldAnnotationStruct
Event: 2.816 loading class com/android/dx/dex/file/FieldAnnotationStruct done
Event: 2.969 Thread 0x00000000165a0000 Uncommon trap: trap_request=0xffffff65 fr.pc=0x0000000002d0d1b0
Event: 2.969 Thread 0x00000000165a0000 DEOPT PACKING pc=0x0000000002d0d1b0 sp=0x000000001687eab0
Event: 2.969 Thread 0x00000000165a0000 DEOPT UNPACKING pc=0x0000000002b1582a sp=0x000000001687ea48 mode 2
Event: 3.008 Thread 0x00000000165a0000 DEOPT PACKING pc=0x0000000002f05e68 sp=0x000000001687e8f0
Event: 3.008 Thread 0x00000000165a0000 DEOPT UNPACKING pc=0x0000000002b1747f sp=0x000000001687e658 mode 0


Dynamic libraries:
0x00007ff6c0ff0000 - 0x00007ff6c1027000 	C:\Program Files\Java\jdk1.8.0_91\bin\java.exe
0x00007ffd8f230000 - 0x00007ffd8f3dc000 	C:\Windows\SYSTEM32\ntdll.dll
0x00007ffd8ed40000 - 0x00007ffd8ee7e000 	C:\Windows\system32\KERNEL32.DLL
0x00007ffd8c7a0000 - 0x00007ffd8c8b5000 	C:\Windows\system32\KERNELBASE.dll
0x00007ffd8af30000 - 0x00007ffd8afbe000 	C:\Windows\system32\apphelp.dll
0x00007ffd6c1e0000 - 0x00007ffd6c233000 	C:\Windows\AppPatch\AppPatch64\AcGenral.DLL
0x00007ffd8f060000 - 0x00007ffd8f10a000 	C:\Windows\system32\msvcrt.dll
0x00007ffd8c230000 - 0x00007ffd8c25e000 	C:\Windows\SYSTEM32\SspiCli.dll
0x00007ffd8f000000 - 0x00007ffd8f054000 	C:\Windows\system32\SHLWAPI.dll
0x00007ffd8ee80000 - 0x00007ffd8eff7000 	C:\Windows\system32\USER32.dll
0x00007ffd8e7a0000 - 0x00007ffd8e934000 	C:\Windows\system32\ole32.dll
0x00007ffd8ceb0000 - 0x00007ffd8e3c9000 	C:\Windows\system32\SHELL32.dll
0x00007ffd8b9b0000 - 0x00007ffd8b9d1000 	C:\Windows\SYSTEM32\USERENV.dll
0x00007ffd8ec80000 - 0x00007ffd8ed2a000 	C:\Windows\system32\ADVAPI32.dll
0x00007ffd7b960000 - 0x00007ffd7b97e000 	C:\Windows\SYSTEM32\MPR.dll
0x00007ffd8e950000 - 0x00007ffd8ea91000 	C:\Windows\system32\RPCRT4.dll
0x00007ffd8c8e0000 - 0x00007ffd8c939000 	C:\Windows\SYSTEM32\sechost.dll
0x00007ffd8c940000 - 0x00007ffd8cb51000 	C:\Windows\SYSTEM32\combase.dll
0x00007ffd8e530000 - 0x00007ffd8e67f000 	C:\Windows\system32\GDI32.dll
0x00007ffd8c390000 - 0x00007ffd8c3a5000 	C:\Windows\SYSTEM32\profapi.dll
0x00007ffd8a960000 - 0x00007ffd8aa12000 	C:\Windows\SYSTEM32\SHCORE.dll
0x00007ffd8f1f0000 - 0x00007ffd8f226000 	C:\Windows\system32\IMM32.DLL
0x00007ffd8e3d0000 - 0x00007ffd8e522000 	C:\Windows\system32\MSCTF.dll
0x00007ffd8a480000 - 0x00007ffd8a6fa000 	C:\Windows\WinSxS\amd64_microsoft.windows.common-controls_6595b64144ccf1df_6.0.9600.17810_none_6240b9c7ecbd0bda\COMCTL32.dll
0x000000005fa70000 - 0x000000005fb42000 	C:\Program Files\Java\jdk1.8.0_91\jre\bin\msvcr100.dll
0x0000000060010000 - 0x00000000608a3000 	C:\Program Files\Java\jdk1.8.0_91\jre\bin\server\jvm.dll
0x00007ffd7dbd0000 - 0x00007ffd7dbd9000 	C:\Windows\SYSTEM32\WSOCK32.dll
0x00007ffd7bc10000 - 0x00007ffd7bc32000 	C:\Windows\SYSTEM32\WINMM.dll
0x00007ffd84b70000 - 0x00007ffd84b7a000 	C:\Windows\SYSTEM32\VERSION.dll
0x00007ffd8f1e0000 - 0x00007ffd8f1e7000 	C:\Windows\system32\PSAPI.DLL
0x00007ffd8e680000 - 0x00007ffd8e6da000 	C:\Windows\system32\WS2_32.dll
0x00007ffd7ba00000 - 0x00007ffd7ba2a000 	C:\Windows\SYSTEM32\WINMMBASE.dll
0x00007ffd8ed30000 - 0x00007ffd8ed39000 	C:\Windows\system32\NSI.dll
0x00007ffd8c510000 - 0x00007ffd8c55f000 	C:\Windows\SYSTEM32\cfgmgr32.dll
0x00007ffd8b180000 - 0x00007ffd8b1a8000 	C:\Windows\SYSTEM32\DEVOBJ.dll
0x000000005ff20000 - 0x000000005ff2f000 	C:\Program Files\Java\jdk1.8.0_91\jre\bin\verify.dll
0x000000005fef0000 - 0x000000005ff19000 	C:\Program Files\Java\jdk1.8.0_91\jre\bin\java.dll
0x000000005fed0000 - 0x000000005fee6000 	C:\Program Files\Java\jdk1.8.0_91\jre\bin\zip.dll

VM Arguments:
jvm_args: -Djava.awt.headless=true -Xmx1024M -Dfile.encoding=windows-1252 -Duser.country=US -Duser.language=en -Duser.variant 
java_command: com.android.dx.command.Main --dex --force-jumbo --num-threads=4 --output C:\Users\Dawn\AndroidStudioProjects\Xpense\app\build\intermediates\pre-dexed\debug\com.android.support-support-v4-23.4.0_e6aa8b81bdbc02e0df8ef041d579e50aabf8042b.jar C:\Users\Dawn\AndroidStudioProjects\Xpense\app\build\intermediates\exploded-aar\com.android.support\support-v4\23.4.0\jars\classes.jar
java_class_path (initial): D:\Android\android-sdk-windows\build-tools\23.0.3\lib\dx.jar
Launcher Type: SUN_STANDARD

Environment Variables:
JAVA_HOME=C:\Program Files\Java\jdk1.8.0_91
PATH=C:\ProgramData\Oracle\Java\javapath;C:\Windows\system32;C:\Windows;C:\Windows\System32\Wbem;C:\Windows\System32\WindowsPowerShell\v1.0\;C:\Program Files (x86)\Skype\Phone\;C:\adb;C:\Program Files\Java\jdk1.8.0_91\bin;C:\Users\Dawn\AppData\Local\atom\bin
USERNAME=Dawn
OS=Windows_NT
PROCESSOR_IDENTIFIER=Intel64 Family 6 Model 37 Stepping 5, GenuineIntel



---------------  S Y S T E M  ---------------

OS: Windows 8.1 , 64 bit Build 9600 (6.3.9600.17415)

CPU:total 2 (2 cores per cpu, 1 threads per core) family 6 model 37 stepping 5, cmov, cx8, fxsr, mmx, sse, sse2, sse3, ssse3, popcnt, tsc, tscinvbit

Memory: 4k page, physical 5954364k(1130564k free), swap 9100092k(5040k free)

vm_info: Java HotSpot(TM) 64-Bit Server VM (25.91-b14) for windows-amd64 JRE (1.8.0_91-b14), built on Apr  1 2016 00:58:32 by "java_re" with MS VC++ 10.0 (VS2010)

time: Thu May 26 22:36:03 2016
elapsed time: 3 seconds (0d 0h 0m 3s)

