#
# There is insufficient memory for the Java Runtime Environment to continue.
# Native memory allocation (malloc) failed to allocate 1236016 bytes for Chunk::new
# Possible reasons:
#   The system is out of physical RAM or swap space
#   In 32 bit mode, the process size limit was hit
# Possible solutions:
#   Reduce memory load on the system
#   Increase physical memory or swap space
#   Check if swap backing store is full
#   Use 64 bit Java on a 64 bit OS
#   Decrease Java heap size (-Xmx/-Xms)
#   Decrease number of Java threads
#   Decrease Java thread stack sizes (-Xss)
#   Set larger code cache with -XX:ReservedCodeCacheSize=
# This output file may be truncated or incomplete.
#
#  Out of Memory Error (allocation.cpp:390), pid=1148, tid=9556
#
# JRE version: Java(TM) SE Runtime Environment (8.0_91-b14) (build 1.8.0_91-b14)
# Java VM: Java HotSpot(TM) 64-Bit Server VM (25.91-b14 mixed mode windows-amd64 compressed oops)
# Failed to write core dump. Minidumps are not enabled by default on client versions of Windows
#

---------------  T H R E A D  ---------------

Current thread (0x0000000014dc9800):  JavaThread "C2 CompilerThread0" daemon [_thread_in_native, id=9556, stack(0x0000000015de0000,0x0000000015ee0000)]

Stack: [0x0000000015de0000,0x0000000015ee0000]
[error occurred during error reporting (printing stack bounds), id 0xc0000005]

Native frames: (J=compiled Java code, j=interpreted, Vv=VM code, C=native code)


Current CompileTask:
C2:   4064 1258       4       com.android.dx.ssa.SCCP::simulateBranch (666 bytes)


---------------  P R O C E S S  ---------------

Java Threads: ( => current thread )
  0x000000001640a800 JavaThread "pool-1-thread-4" [_thread_blocked, id=9880, stack(0x00000000169e0000,0x0000000016ae0000)]
  0x0000000016405000 JavaThread "pool-1-thread-3" [_thread_in_Java, id=2948, stack(0x00000000168e0000,0x00000000169e0000)]
  0x0000000016403800 JavaThread "pool-1-thread-2" [_thread_blocked, id=4800, stack(0x00000000167e0000,0x00000000168e0000)]
  0x00000000163d8800 JavaThread "pool-2-thread-1" [_thread_blocked, id=5828, stack(0x00000000166e0000,0x00000000167e0000)]
  0x00000000163ed000 JavaThread "pool-1-thread-1" [_thread_blocked, id=10192, stack(0x00000000165e0000,0x00000000166e0000)]
  0x0000000014e2b800 JavaThread "Service Thread" daemon [_thread_blocked, id=10384, stack(0x0000000015fe0000,0x00000000160e0000)]
  0x0000000014e21000 JavaThread "C1 CompilerThread1" daemon [_thread_blocked, id=9140, stack(0x0000000015ee0000,0x0000000015fe0000)]
=>0x0000000014dc9800 JavaThread "C2 CompilerThread0" daemon [_thread_in_native, id=9556, stack(0x0000000015de0000,0x0000000015ee0000)]
  0x0000000014dc7800 JavaThread "Attach Listener" daemon [_thread_blocked, id=6608, stack(0x0000000015ce0000,0x0000000015de0000)]
  0x0000000014dc4000 JavaThread "Signal Dispatcher" daemon [_thread_blocked, id=12144, stack(0x0000000015be0000,0x0000000015ce0000)]
  0x0000000014db8800 JavaThread "Finalizer" daemon [_thread_blocked, id=7372, stack(0x0000000015a00000,0x0000000015b00000)]
  0x000000000292c800 JavaThread "Reference Handler" daemon [_thread_blocked, id=6828, stack(0x0000000015900000,0x0000000015a00000)]
  0x0000000002840800 JavaThread "main" [_thread_in_vm, id=6332, stack(0x00000000026b0000,0x00000000027b0000)]

Other Threads:
  0x0000000014d96000 VMThread [stack: 0x0000000015800000,0x0000000015900000] [id=11144]
  0x0000000014e47800 WatcherThread [stack: 0x00000000160e0000,0x00000000161e0000] [id=8612]

VM state:not at safepoint (normal execution)

VM Mutex/Monitor currently owned by a thread: None

Heap:
 PSYoungGen      total 27648K, used 9949K [0x00000000eab00000, 0x00000000ec980000, 0x0000000100000000)
  eden space 24064K, 26% used [0x00000000eab00000,0x00000000eb13da88,0x00000000ec280000)
  from space 3584K, 99% used [0x00000000ec280000,0x00000000ec5f9c88,0x00000000ec600000)
  to   space 3584K, 0% used [0x00000000ec600000,0x00000000ec600000,0x00000000ec980000)
 ParOldGen       total 62976K, used 1718K [0x00000000c0000000, 0x00000000c3d80000, 0x00000000eab00000)
  object space 62976K, 2% used [0x00000000c0000000,0x00000000c01ad970,0x00000000c3d80000)
 Metaspace       used 6048K, capacity 6964K, committed 7040K, reserved 1056768K
  class space    used 602K, capacity 620K, committed 640K, reserved 1048576K

Card table byte_map: [0x0000000011d00000,0x0000000011f10000] byte_map_base: 0x0000000011700000

Marking Bits: (ParMarkBitMap*) 0x0000000060822f70
 Begin Bits: [0x0000000012270000, 0x0000000013270000)
 End Bits:   [0x0000000013270000, 0x0000000014270000)

Polling page: 0x0000000000d60000

CodeCache: size=245760Kb used=5178Kb max_used=5190Kb free=240581Kb
 bounds [0x0000000002940000, 0x0000000002e60000, 0x0000000011940000]
 total_blobs=1525 nmethods=1257 adapters=182
 compilation: enabled

Compilation events (10 events):
Event: 3.942 Thread 0x0000000014dc9800 nmethod 1253 0x0000000002e45310 code [0x0000000002e45460, 0x0000000002e45578]
Event: 3.944 Thread 0x0000000014dc9800 1254       4       com.android.dx.ssa.SsaRenamer$BlockRenamer::processResultReg (56 bytes)
Event: 3.960 Thread 0x0000000014dc9800 nmethod 1254 0x0000000002e470d0 code [0x0000000002e47260, 0x0000000002e47928]
Event: 3.962 Thread 0x0000000014dc9800 1255       4       com.android.dx.rop.type.Type::equals (31 bytes)
Event: 3.963 Thread 0x0000000014dc9800 nmethod 1255 0x0000000002e46d50 code [0x0000000002e46ea0, 0x0000000002e46fd8]
Event: 3.964 Thread 0x0000000014e21000 1256       1       com.android.dx.cf.code.OneLocalsArray::getOrNull (7 bytes)
Event: 3.964 Thread 0x0000000014e21000 nmethod 1256 0x0000000002e46a10 code [0x0000000002e46b60, 0x0000000002e46c90]
Event: 3.964 Thread 0x0000000014dc9800 1257       4       com.android.dx.rop.code.BasicBlockList$RegCountVisitor::visitPlainInsn (6 bytes)
Event: 3.970 Thread 0x0000000014dc9800 nmethod 1257 0x0000000002e4b190 code [0x0000000002e4b300, 0x0000000002e4b5b8]
Event: 3.971 Thread 0x0000000014dc9800 1258       4       com.android.dx.ssa.SCCP::simulateBranch (666 bytes)

GC Heap History (2 events):
Event: 3.358 GC heap before
{Heap before GC invocations=1 (full 0):
 PSYoungGen      total 27648K, used 24064K [0x00000000eab00000, 0x00000000ec980000, 0x0000000100000000)
  eden space 24064K, 100% used [0x00000000eab00000,0x00000000ec280000,0x00000000ec280000)
  from space 3584K, 0% used [0x00000000ec600000,0x00000000ec600000,0x00000000ec980000)
  to   space 3584K, 0% used [0x00000000ec280000,0x00000000ec280000,0x00000000ec600000)
 ParOldGen       total 62976K, used 0K [0x00000000c0000000, 0x00000000c3d80000, 0x00000000eab00000)
  object space 62976K, 0% used [0x00000000c0000000,0x00000000c0000000,0x00000000c3d80000)
 Metaspace       used 6038K, capacity 6964K, committed 7040K, reserved 1056768K
  class space    used 602K, capacity 620K, committed 640K, reserved 1048576K
Event: 3.387 GC heap after
Heap after GC invocations=1 (full 0):
 PSYoungGen      total 27648K, used 3559K [0x00000000eab00000, 0x00000000ec980000, 0x0000000100000000)
  eden space 24064K, 0% used [0x00000000eab00000,0x00000000eab00000,0x00000000ec280000)
  from space 3584K, 99% used [0x00000000ec280000,0x00000000ec5f9c88,0x00000000ec600000)
  to   space 3584K, 0% used [0x00000000ec600000,0x00000000ec600000,0x00000000ec980000)
 ParOldGen       total 62976K, used 1718K [0x00000000c0000000, 0x00000000c3d80000, 0x00000000eab00000)
  object space 62976K, 2% used [0x00000000c0000000,0x00000000c01ad970,0x00000000c3d80000)
 Metaspace       used 6038K, capacity 6964K, committed 7040K, reserved 1056768K
  class space    used 602K, capacity 620K, committed 640K, reserved 1048576K
}

Deoptimization events (10 events):
Event: 3.406 Thread 0x0000000002840800 Uncommon trap: reason=class_check action=maybe_recompile pc=0x0000000002e2738c method=java.util.HashMap.putVal(ILjava/lang/Object;Ljava/lang/Object;ZZ)Ljava/lang/Object; @ 203
Event: 3.454 Thread 0x0000000016405000 Uncommon trap: reason=bimorphic action=maybe_recompile pc=0x0000000002b76554 method=java.util.HashMap.getNode(ILjava/lang/Object;)Ljava/util/HashMap$Node; @ 126
Event: 3.454 Thread 0x0000000016405000 Uncommon trap: reason=class_check action=maybe_recompile pc=0x0000000002e2738c method=java.util.HashMap.putVal(ILjava/lang/Object;Ljava/lang/Object;ZZ)Ljava/lang/Object; @ 203
Event: 3.457 Thread 0x0000000016405000 Uncommon trap: reason=unstable_if action=reinterpret pc=0x0000000002d03c24 method=com.android.dx.rop.code.RegisterSpecSet.put(Lcom/android/dx/rop/code/RegisterSpec;)V @ 77
Event: 3.457 Thread 0x0000000016405000 Uncommon trap: reason=unstable_if action=reinterpret pc=0x0000000002e2d4e0 method=com.android.dx.rop.code.RegisterSpecSet.put(Lcom/android/dx/rop/code/RegisterSpec;)V @ 77
Event: 3.458 Thread 0x0000000016405000 Uncommon trap: reason=bimorphic action=maybe_recompile pc=0x0000000002b76554 method=java.util.HashMap.getNode(ILjava/lang/Object;)Ljava/util/HashMap$Node; @ 126
Event: 3.458 Thread 0x0000000016405000 Uncommon trap: reason=class_check action=maybe_recompile pc=0x0000000002e2738c method=java.util.HashMap.putVal(ILjava/lang/Object;Ljava/lang/Object;ZZ)Ljava/lang/Object; @ 203
Event: 3.458 Thread 0x0000000016405000 Uncommon trap: reason=bimorphic action=maybe_recompile pc=0x0000000002b76554 method=java.util.HashMap.getNode(ILjava/lang/Object;)Ljava/util/HashMap$Node; @ 126
Event: 3.458 Thread 0x0000000016405000 Uncommon trap: reason=class_check action=maybe_recompile pc=0x0000000002e2738c method=java.util.HashMap.putVal(ILjava/lang/Object;Ljava/lang/Object;ZZ)Ljava/lang/Object; @ 203
Event: 3.458 Thread 0x0000000016405000 Uncommon trap: reason=bimorphic action=maybe_recompile pc=0x0000000002c776f8 method=java.util.HashMap.getNode(ILjava/lang/Object;)Ljava/util/HashMap$Node; @ 126

Internal exceptions (3 events):
Event: 0.141 Thread 0x0000000002840800 Exception <a 'java/lang/NoSuchMethodError': Method sun.misc.Unsafe.defineClass(Ljava/lang/String;[BII)Ljava/lang/Class; name or signature does not match> (0x00000000eab07cc0) thrown at [C:\re\workspace\8-2-build-windows-amd64-cygwin\jdk8u91\6644\hotspot\sre_›«‡Â?
Event: 0.141 Thread 0x0000000002840800 Exception <a 'java/lang/NoSuchMethodError': Method sun.misc.Unsafe.prefetchRead(Ljava/lang/Object;J)V name or signature does not match> (0x00000000eab07fa8) thrown at [C:\re\workspace\8-2-build-windows-amd64-cygwin\jdk8u91\6644\hotspot\src\share\vm\prims\j®1ER @
Event: 2.886 Thread 0x0000000002840800 Implicit null exception at 0x0000000002be5e58 to 0x0000000002be7885

Events (10 events):
Event: 3.458 Thread 0x0000000016405000 DEOPT PACKING pc=0x0000000002b76554 sp=0x00000000169dee60
Event: 3.458 Thread 0x0000000016405000 DEOPT UNPACKING pc=0x000000000298582a sp=0x00000000169dede0 mode 2
Event: 3.458 Thread 0x0000000016405000 Uncommon trap: trap_request=0xffffffde fr.pc=0x0000000002e2738c
Event: 3.458 Thread 0x0000000016405000 DEOPT PACKING pc=0x0000000002e2738c sp=0x00000000169dee40
Event: 3.458 Thread 0x0000000016405000 DEOPT UNPACKING pc=0x000000000298582a sp=0x00000000169dedb8 mode 2
Event: 3.458 Thread 0x0000000016405000 Uncommon trap: trap_request=0xffffffc6 fr.pc=0x0000000002c776f8
Event: 3.458 Thread 0x0000000016405000 DEOPT PACKING pc=0x0000000002c776f8 sp=0x00000000169deb60
Event: 3.458 Thread 0x0000000016405000 DEOPT UNPACKING pc=0x000000000298582a sp=0x00000000169dea88 mode 2
Event: 3.463 Thread 0x0000000016405000 DEOPT PACKING pc=0x0000000002bcc02d sp=0x00000000169dedf0
Event: 3.463 Thread 0x0000000016405000 DEOPT UNPACKING pc=0x000000000298747f sp=0x00000000169debd0 mode 0


Dynamic libraries:
0x00007ff6c0ff0000 - 0x00007ff6c1027000 	C:\Program Files\Java\jdk1.8.0_91\bin\java.exe
0x00007ffd8f230000 - 0x00007ffd8f3dc000 	C:\Windows\SYSTEM32\ntdll.dll
0x00007ffd8ed40000 - 0x00007ffd8ee7e000 	C:\Windows\system32\KERNEL32.DLL
0x00007ffd8c7a0000 - 0x00007ffd8c8b5000 	C:\Windows\system32\KERNELBASE.dll
0x00007ffd8af30000 - 0x00007ffd8afbe000 	C:\Windows\system32\apphelp.dll
0x00007ffd6c1e0000 - 0x00007ffd6c233000 	C:\Windows\AppPatch\AppPatch64\AcGenral.DLL
0x00007ffd8f060000 - 0x00007ffd8f10a000 	C:\Windows\system32\msvcrt.dll
0x00007ffd8c230000 - 0x00007ffd8c25e000 	C:\Windows\SYSTEM32\SspiCli.dll
0x00007ffd8f000000 - 0x00007ffd8f054000 	C:\Windows\system32\SHLWAPI.dll
0x00007ffd8ee80000 - 0x00007ffd8eff7000 	C:\Windows\system32\USER32.dll
0x00007ffd8e7a0000 - 0x00007ffd8e934000 	C:\Windows\system32\ole32.dll
0x00007ffd8ceb0000 - 0x00007ffd8e3c9000 	C:\Windows\system32\SHELL32.dll
0x00007ffd8b9b0000 - 0x00007ffd8b9d1000 	C:\Windows\SYSTEM32\USERENV.dll
0x00007ffd8ec80000 - 0x00007ffd8ed2a000 	C:\Windows\system32\ADVAPI32.dll
0x00007ffd7b960000 - 0x00007ffd7b97e000 	C:\Windows\SYSTEM32\MPR.dll
0x00007ffd8e950000 - 0x00007ffd8ea91000 	C:\Windows\system32\RPCRT4.dll
0x00007ffd8c8e0000 - 0x00007ffd8c939000 	C:\Windows\SYSTEM32\sechost.dll
0x00007ffd8c940000 - 0x00007ffd8cb51000 	C:\Windows\SYSTEM32\combase.dll
0x00007ffd8e530000 - 0x00007ffd8e67f000 	C:\Windows\system32\GDI32.dll
0x00007ffd8c390000 - 0x00007ffd8c3a5000 	C:\Windows\SYSTEM32\profapi.dll
0x00007ffd8a960000 - 0x00007ffd8aa12000 	C:\Windows\SYSTEM32\SHCORE.dll
0x00007ffd8f1f0000 - 0x00007ffd8f226000 	C:\Windows\system32\IMM32.DLL
0x00007ffd8e3d0000 - 0x00007ffd8e522000 	C:\Windows\system32\MSCTF.dll
0x00007ffd8a480000 - 0x00007ffd8a6fa000 	C:\Windows\WinSxS\amd64_microsoft.windows.common-controls_6595b64144ccf1df_6.0.9600.17810_none_6240b9c7ecbd0bda\COMCTL32.dll
0x000000005fa70000 - 0x000000005fb42000 	C:\Program Files\Java\jdk1.8.0_91\jre\bin\msvcr100.dll
0x0000000060010000 - 0x00000000608a3000 	C:\Program Files\Java\jdk1.8.0_91\jre\bin\server\jvm.dll
0x00007ffd7dbd0000 - 0x00007ffd7dbd9000 	C:\Windows\SYSTEM32\WSOCK32.dll
0x00007ffd7bc10000 - 0x00007ffd7bc32000 	C:\Windows\SYSTEM32\WINMM.dll
0x00007ffd84b70000 - 0x00007ffd84b7a000 	C:\Windows\SYSTEM32\VERSION.dll
0x00007ffd8f1e0000 - 0x00007ffd8f1e7000 	C:\Windows\system32\PSAPI.DLL
0x00007ffd8e680000 - 0x00007ffd8e6da000 	C:\Windows\system32\WS2_32.dll
0x00007ffd7ba00000 - 0x00007ffd7ba2a000 	C:\Windows\SYSTEM32\WINMMBASE.dll
0x00007ffd8ed30000 - 0x00007ffd8ed39000 	C:\Windows\system32\NSI.dll
0x00007ffd8c510000 - 0x00007ffd8c55f000 	C:\Windows\SYSTEM32\cfgmgr32.dll
0x00007ffd8b180000 - 0x00007ffd8b1a8000 	C:\Windows\SYSTEM32\DEVOBJ.dll
0x000000005ff20000 - 0x000000005ff2f000 	C:\Program Files\Java\jdk1.8.0_91\jre\bin\verify.dll
0x000000005fef0000 - 0x000000005ff19000 	C:\Program Files\Java\jdk1.8.0_91\jre\bin\java.dll
0x000000005fed0000 - 0x000000005fee6000 	C:\Program Files\Java\jdk1.8.0_91\jre\bin\zip.dll

VM Arguments:
jvm_args: -Djava.awt.headless=true -Xmx1024M -Dfile.encoding=windows-1252 -Duser.country=US -Duser.language=en -Duser.variant 
java_command: com.android.dx.command.Main --dex --force-jumbo --num-threads=4 --output C:\Users\Dawn\AndroidStudioProjects\Xpense\app\build\intermediates\pre-dexed\debug\com.android.support-recyclerview-v7-23.4.0_606acd37b5810fb578410495f616226a063ac8ef.jar C:\Users\Dawn\AndroidStudioProjects\Xpense\app\build\intermediates\exploded-aar\com.android.support\recyclerview-v7\23.4.0\jars\classes.jar
java_class_path (initial): D:\Android\android-sdk-windows\build-tools\23.0.3\lib\dx.jar
Launcher Type: SUN_STANDARD

Environment Variables:
JAVA_HOME=C:\Program Files\Java\jdk1.8.0_91
PATH=C:\ProgramData\Oracle\Java\javapath;C:\Windows\system32;C:\Windows;C:\Windows\System32\Wbem;C:\Windows\System32\WindowsPowerShell\v1.0\;C:\Program Files (x86)\Skype\Phone\;C:\adb;C:\Program Files\Java\jdk1.8.0_91\bin;C:\Users\Dawn\AppData\Local\atom\bin
USERNAME=Dawn
OS=Windows_NT
PROCESSOR_IDENTIFIER=Intel64 Family 6 Model 37 Stepping 5, GenuineIntel



---------------  S Y S T E M  ---------------

OS: Windows 8.1 , 64 bit Build 9600 (6.3.9600.17415)

CPU:total 2 (2 cores per cpu, 1 threads per core) family 6 model 37 stepping 5, cmov, cx8, fxsr, mmx, sse, sse2, sse3, ssse3, popcnt, tsc, tscinvbit

Memory: 4k page, physical 5954364k(1079628k free), swap 9100092k(5072k free)

vm_info: Java HotSpot(TM) 64-Bit Server VM (25.91-b14) for windows-amd64 JRE (1.8.0_91-b14), built on Apr  1 2016 00:58:32 by "java_re" with MS VC++ 10.0 (VS2010)

time: Thu May 26 22:35:58 2016
elapsed time: 4 seconds (0d 0h 0m 4s)

