#
# There is insufficient memory for the Java Runtime Environment to continue.
# Native memory allocation (malloc) failed to allocate 1033376 bytes for Chunk::new
# Possible reasons:
#   The system is out of physical RAM or swap space
#   In 32 bit mode, the process size limit was hit
# Possible solutions:
#   Reduce memory load on the system
#   Increase physical memory or swap space
#   Check if swap backing store is full
#   Use 64 bit Java on a 64 bit OS
#   Decrease Java heap size (-Xmx/-Xms)
#   Decrease number of Java threads
#   Decrease Java thread stack sizes (-Xss)
#   Set larger code cache with -XX:ReservedCodeCacheSize=
# This output file may be truncated or incomplete.
#
#  Out of Memory Error (allocation.cpp:390), pid=736, tid=8200
#
# JRE version: Java(TM) SE Runtime Environment (8.0_91-b14) (build 1.8.0_91-b14)
# Java VM: Java HotSpot(TM) 64-Bit Server VM (25.91-b14 mixed mode windows-amd64 compressed oops)
# Failed to write core dump. Minidumps are not enabled by default on client versions of Windows
#

---------------  T H R E A D  ---------------

Current thread (0x0000000015167000):  JavaThread "C2 CompilerThread0" daemon [_thread_in_native, id=8200, stack(0x00000000160a0000,0x00000000161a0000)]

Stack: [0x00000000160a0000,0x00000000161a0000]
[error occurred during error reporting (printing stack bounds), id 0xc0000005]

Native frames: (J=compiled Java code, j=interpreted, Vv=VM code, C=native code)


Current CompileTask:
C2:   4318 1348   !   4       com.android.dx.cf.code.Ropper::processBlock (1101 bytes)


---------------  P R O C E S S  ---------------

Java Threads: ( => current thread )
  0x0000000016697000 JavaThread "pool-1-thread-4" [_thread_in_Java, id=8496, stack(0x0000000016ca0000,0x0000000016da0000)]
  0x0000000016694000 JavaThread "pool-1-thread-3" [_thread_in_Java, id=10584, stack(0x0000000016ba0000,0x0000000016ca0000)]
  0x0000000016690800 JavaThread "pool-1-thread-2" [_thread_in_Java, id=9136, stack(0x0000000016aa0000,0x0000000016ba0000)]
  0x00000000165a4800 JavaThread "pool-2-thread-1" [_thread_blocked, id=1280, stack(0x00000000169a0000,0x0000000016aa0000)]
  0x000000001659f000 JavaThread "pool-1-thread-1" [_thread_in_Java, id=11908, stack(0x00000000168a0000,0x00000000169a0000)]
  0x00000000151c5800 JavaThread "Service Thread" daemon [_thread_blocked, id=6756, stack(0x00000000162a0000,0x00000000163a0000)]
  0x00000000151c2000 JavaThread "C1 CompilerThread1" daemon [_thread_blocked, id=6564, stack(0x00000000161a0000,0x00000000162a0000)]
=>0x0000000015167000 JavaThread "C2 CompilerThread0" daemon [_thread_in_native, id=8200, stack(0x00000000160a0000,0x00000000161a0000)]
  0x0000000015165800 JavaThread "Attach Listener" daemon [_thread_blocked, id=11480, stack(0x0000000015fa0000,0x00000000160a0000)]
  0x0000000002cde000 JavaThread "Signal Dispatcher" daemon [_thread_blocked, id=8980, stack(0x0000000015ea0000,0x0000000015fa0000)]
  0x0000000002cd8000 JavaThread "Finalizer" daemon [_thread_blocked, id=1728, stack(0x0000000015da0000,0x0000000015ea0000)]
  0x0000000002ccc800 JavaThread "Reference Handler" daemon [_thread_blocked, id=9712, stack(0x0000000015ca0000,0x0000000015da0000)]
  0x0000000002be0800 JavaThread "main" [_thread_in_native, id=2396, stack(0x0000000002ae0000,0x0000000002be0000)]

Other Threads:
  0x0000000015136000 VMThread [stack: 0x0000000015ba0000,0x0000000015ca0000] [id=6764]
  0x00000000151cf800 WatcherThread [stack: 0x00000000163a0000,0x00000000164a0000] [id=8264]

VM state:not at safepoint (normal execution)

VM Mutex/Monitor currently owned by a thread: None

Heap:
 PSYoungGen      total 27648K, used 16574K [0x00000000eab00000, 0x00000000ec980000, 0x0000000100000000)
  eden space 24064K, 53% used [0x00000000eab00000,0x00000000eb7b0998,0x00000000ec280000)
  from space 3584K, 99% used [0x00000000ec280000,0x00000000ec5ff1b8,0x00000000ec600000)
  to   space 3584K, 0% used [0x00000000ec600000,0x00000000ec600000,0x00000000ec980000)
 ParOldGen       total 62976K, used 20156K [0x00000000c0000000, 0x00000000c3d80000, 0x00000000eab00000)
  object space 62976K, 32% used [0x00000000c0000000,0x00000000c13af108,0x00000000c3d80000)
 Metaspace       used 5848K, capacity 6960K, committed 7040K, reserved 1056768K
  class space    used 579K, capacity 616K, committed 640K, reserved 1048576K

Card table byte_map: [0x00000000120a0000,0x00000000122b0000] byte_map_base: 0x0000000011aa0000

Marking Bits: (ParMarkBitMap*) 0x0000000060822f70
 Begin Bits: [0x0000000012610000, 0x0000000013610000)
 End Bits:   [0x0000000013610000, 0x0000000014610000)

Polling page: 0x0000000001050000

CodeCache: size=245760Kb used=5568Kb max_used=5568Kb free=240191Kb
 bounds [0x0000000002ce0000, 0x0000000003260000, 0x0000000011ce0000]
 total_blobs=1613 nmethods=1352 adapters=175
 compilation: enabled

Compilation events (10 events):
Event: 4.309 Thread 0x00000000151c2000 nmethod 1365 0x0000000003230550 code [0x00000000032306e0, 0x00000000032309e8]
Event: 4.309 Thread 0x00000000151c2000 1370       2       com.android.dx.cf.code.Ropper::getNormalRegCount (13 bytes)
Event: 4.309 Thread 0x00000000151c2000 nmethod 1370 0x000000000323c1d0 code [0x000000000323c320, 0x000000000323c490]
Event: 4.309 Thread 0x00000000151c2000 1361       2       com.android.dx.cf.attrib.AttLineNumberTable::byteLength (13 bytes)
Event: 4.310 Thread 0x00000000151c2000 nmethod 1361 0x000000000323be10 code [0x000000000323bf60, 0x000000000323c0d0]
Event: 4.310 Thread 0x00000000151c2000 1369       1       com.android.dx.cf.attrib.InnerClassList$Item::getOuterClass (5 bytes)
Event: 4.310 Thread 0x00000000151c2000 nmethod 1369 0x000000000323bb50 code [0x000000000323bca0, 0x000000000323bdb0]
Event: 4.310 Thread 0x00000000151c2000 1371       1       com.android.dx.rop.annotation.NameValuePair::getValue (5 bytes)
Event: 4.310 Thread 0x00000000151c2000 nmethod 1371 0x000000000323b890 code [0x000000000323b9e0, 0x000000000323baf0]
Event: 4.317 Thread 0x00000000151c2000 1372       2       com.android.dx.util.ListIntSet::<init> (23 bytes)

GC Heap History (6 events):
Event: 2.038 GC heap before
{Heap before GC invocations=1 (full 0):
 PSYoungGen      total 27648K, used 24064K [0x00000000eab00000, 0x00000000ec980000, 0x0000000100000000)
  eden space 24064K, 100% used [0x00000000eab00000,0x00000000ec280000,0x00000000ec280000)
  from space 3584K, 0% used [0x00000000ec600000,0x00000000ec600000,0x00000000ec980000)
  to   space 3584K, 0% used [0x00000000ec280000,0x00000000ec280000,0x00000000ec600000)
 ParOldGen       total 62976K, used 0K [0x00000000c0000000, 0x00000000c3d80000, 0x00000000eab00000)
  object space 62976K, 0% used [0x00000000c0000000,0x00000000c0000000,0x00000000c3d80000)
 Metaspace       used 5694K, capacity 6832K, committed 7040K, reserved 1056768K
  class space    used 576K, capacity 616K, committed 640K, reserved 1048576K
Event: 2.052 GC heap after
Heap after GC invocations=1 (full 0):
 PSYoungGen      total 27648K, used 3580K [0x00000000eab00000, 0x00000000ec980000, 0x0000000100000000)
  eden space 24064K, 0% used [0x00000000eab00000,0x00000000eab00000,0x00000000ec280000)
  from space 3584K, 99% used [0x00000000ec280000,0x00000000ec5ff0f0,0x00000000ec600000)
  to   space 3584K, 0% used [0x00000000ec600000,0x00000000ec600000,0x00000000ec980000)
 ParOldGen       total 62976K, used 1735K [0x00000000c0000000, 0x00000000c3d80000, 0x00000000eab00000)
  object space 62976K, 2% used [0x00000000c0000000,0x00000000c01b1eb8,0x00000000c3d80000)
 Metaspace       used 5694K, capacity 6832K, committed 7040K, reserved 1056768K
  class space    used 576K, capacity 616K, committed 640K, reserved 1048576K
}
Event: 3.169 GC heap before
{Heap before GC invocations=2 (full 0):
 PSYoungGen      total 27648K, used 27644K [0x00000000eab00000, 0x00000000ec980000, 0x0000000100000000)
  eden space 24064K, 100% used [0x00000000eab00000,0x00000000ec280000,0x00000000ec280000)
  from space 3584K, 99% used [0x00000000ec280000,0x00000000ec5ff0f0,0x00000000ec600000)
  to   space 3584K, 0% used [0x00000000ec600000,0x00000000ec600000,0x00000000ec980000)
 ParOldGen       total 62976K, used 1735K [0x00000000c0000000, 0x00000000c3d80000, 0x00000000eab00000)
  object space 62976K, 2% used [0x00000000c0000000,0x00000000c01b1eb8,0x00000000c3d80000)
 Metaspace       used 5838K, capacity 6960K, committed 7040K, reserved 1056768K
  class space    used 579K, capacity 616K, committed 640K, reserved 1048576K
Event: 3.514 GC heap after
Heap after GC invocations=2 (full 0):
 PSYoungGen      total 27648K, used 3579K [0x00000000eab00000, 0x00000000ec980000, 0x0000000100000000)
  eden space 24064K, 0% used [0x00000000eab00000,0x00000000eab00000,0x00000000ec280000)
  from space 3584K, 99% used [0x00000000ec600000,0x00000000ec97ec78,0x00000000ec980000)
  to   space 3584K, 0% used [0x00000000ec280000,0x00000000ec280000,0x00000000ec600000)
 ParOldGen       total 62976K, used 7326K [0x00000000c0000000, 0x00000000c3d80000, 0x00000000eab00000)
  object space 62976K, 11% used [0x00000000c0000000,0x00000000c0727838,0x00000000c3d80000)
 Metaspace       used 5838K, capacity 6960K, committed 7040K, reserved 1056768K
  class space    used 579K, capacity 616K, committed 640K, reserved 1048576K
}
Event: 4.177 GC heap before
{Heap before GC invocations=3 (full 0):
 PSYoungGen      total 27648K, used 27643K [0x00000000eab00000, 0x00000000ec980000, 0x0000000100000000)
  eden space 24064K, 100% used [0x00000000eab00000,0x00000000ec280000,0x00000000ec280000)
  from space 3584K, 99% used [0x00000000ec600000,0x00000000ec97ec78,0x00000000ec980000)
  to   space 3584K, 0% used [0x00000000ec280000,0x00000000ec280000,0x00000000ec600000)
 ParOldGen       total 62976K, used 7326K [0x00000000c0000000, 0x00000000c3d80000, 0x00000000eab00000)
  object space 62976K, 11% used [0x00000000c0000000,0x00000000c0727838,0x00000000c3d80000)
 Metaspace       used 5843K, capacity 6960K, committed 7040K, reserved 1056768K
  class space    used 579K, capacity 616K, committed 640K, reserved 1048576K
Event: 4.211 GC heap after
Heap after GC invocations=3 (full 0):
 PSYoungGen      total 27648K, used 3580K [0x00000000eab00000, 0x00000000ec980000, 0x0000000100000000)
  eden space 24064K, 0% used [0x00000000eab00000,0x00000000eab00000,0x00000000ec280000)
  from space 3584K, 99% used [0x00000000ec280000,0x00000000ec5ff1b8,0x00000000ec600000)
  to   space 3584K, 0% used [0x00000000ec600000,0x00000000ec600000,0x00000000ec980000)
 ParOldGen       total 62976K, used 20156K [0x00000000c0000000, 0x00000000c3d80000, 0x00000000eab00000)
  object space 62976K, 32% used [0x00000000c0000000,0x00000000c13af108,0x00000000c3d80000)
 Metaspace       used 5843K, capacity 6960K, committed 7040K, reserved 1056768K
  class space    used 579K, capacity 616K, committed 640K, reserved 1048576K
}

Deoptimization events (10 events):
Event: 2.725 Thread 0x0000000016697000 Uncommon trap: reason=unstable_if action=reinterpret pc=0x000000000305b270 method=com.android.dx.ssa.NormalSsaInsn.getLocalAssignment()Lcom/android/dx/rop/code/RegisterSpec; @ 12
Event: 2.730 Thread 0x0000000016697000 Uncommon trap: reason=unstable_if action=reinterpret pc=0x000000000300ac4c method=com.android.dx.rop.code.RegisterSpec.equals(ILcom/android/dx/rop/type/TypeBearer;Lcom/android/dx/rop/code/LocalItem;)Z @ 24
Event: 2.755 Thread 0x000000001659f000 Uncommon trap: reason=unstable_if action=reinterpret pc=0x00000000030dae3c method=com.android.dx.ssa.SsaRenamer$BlockRenamer.addMapping(ILcom/android/dx/rop/code/RegisterSpec;)V @ 120
Event: 2.777 Thread 0x0000000002be0800 Uncommon trap: reason=unstable_if action=reinterpret pc=0x0000000002e65d50 method=java.lang.String.<init>([CII)V @ 18
Event: 2.847 Thread 0x000000001659f000 Uncommon trap: reason=unstable_if action=reinterpret pc=0x000000000305a410 method=com.android.dx.rop.code.RegisterSpec.equals(ILcom/android/dx/rop/type/TypeBearer;Lcom/android/dx/rop/code/LocalItem;)Z @ 24
Event: 3.624 Thread 0x0000000016690800 Uncommon trap: reason=unstable_if action=reinterpret pc=0x0000000003225ffc method=com.android.dx.rop.code.RegisterSpec.equals(ILcom/android/dx/rop/type/TypeBearer;Lcom/android/dx/rop/code/LocalItem;)Z @ 16
Event: 3.624 Thread 0x0000000016690800 Uncommon trap: reason=class_check action=maybe_recompile pc=0x000000000300af9c method=com.android.dx.rop.type.Type.equals(Ljava/lang/Object;)Z @ 8
Event: 3.624 Thread 0x0000000016690800 Uncommon trap: reason=unstable_if action=reinterpret pc=0x0000000002fd6aa4 method=com.android.dx.rop.code.RegisterSpec.equals(ILcom/android/dx/rop/type/TypeBearer;Lcom/android/dx/rop/code/LocalItem;)Z @ 16
Event: 3.628 Thread 0x0000000016690800 Uncommon trap: reason=class_check action=maybe_recompile pc=0x000000000300af9c method=com.android.dx.rop.type.Type.equals(Ljava/lang/Object;)Z @ 8
Event: 3.630 Thread 0x0000000016690800 Uncommon trap: reason=class_check action=maybe_recompile pc=0x000000000300af9c method=com.android.dx.rop.type.Type.equals(Ljava/lang/Object;)Z @ 8

Internal exceptions (2 events):
Event: 0.051 Thread 0x0000000002be0800 Exception <a 'java/lang/NoSuchMethodError': Method sun.misc.Unsafe.defineClass(Ljava/lang/String;[BII)Ljava/lang/Class; name or signature does not match> (0x00000000eab07cc0) thrown at [C:\re\workspace\8-2-build-windows-amd64-cygwin\jdk8u91\6644\hotspot\sr}сqсч/ф?
Event: 0.051 Thread 0x0000000002be0800 Exception <a 'java/lang/NoSuchMethodError': Method sun.misc.Unsafe.prefetchRead(Ljava/lang/Object;J)V name or signature does not match> (0x00000000eab07fa8) thrown at [C:\re\workspace\8-2-build-windows-amd64-cygwin\jdk8u91\6644\hotspot\src\share\vm\prims\j

Events (10 events):
Event: 4.165 Executing VM operation: ParallelGCFailedAllocation
Event: 4.211 Executing VM operation: ParallelGCFailedAllocation done
Event: 4.217 Thread 0x0000000016697000 DEOPT PACKING pc=0x00000000031c85bd sp=0x0000000016d9e920
Event: 4.217 Thread 0x0000000016697000 DEOPT UNPACKING pc=0x0000000002d2747f sp=0x0000000016d9e660 mode 0
Event: 4.220 Thread 0x0000000016697000 DEOPT PACKING pc=0x0000000003016f84 sp=0x0000000016d9e8b0
Event: 4.220 Thread 0x0000000016697000 DEOPT UNPACKING pc=0x0000000002d2747f sp=0x0000000016d9e5c8 mode 0
Event: 4.235 loading class com/android/dx/util/ListIntSet
Event: 4.235 loading class com/android/dx/util/ListIntSet done
Event: 4.236 Executing VM operation: Deoptimize
Event: 4.236 Executing VM operation: Deoptimize done


Dynamic libraries:
0x00007ff6c0ff0000 - 0x00007ff6c1027000 	C:\Program Files\Java\jdk1.8.0_91\bin\java.exe
0x00007ffd8f230000 - 0x00007ffd8f3dc000 	C:\Windows\SYSTEM32\ntdll.dll
0x00007ffd8ed40000 - 0x00007ffd8ee7e000 	C:\Windows\system32\KERNEL32.DLL
0x00007ffd8c7a0000 - 0x00007ffd8c8b5000 	C:\Windows\system32\KERNELBASE.dll
0x00007ffd8af30000 - 0x00007ffd8afbe000 	C:\Windows\system32\apphelp.dll
0x00007ffd6c1e0000 - 0x00007ffd6c233000 	C:\Windows\AppPatch\AppPatch64\AcGenral.DLL
0x00007ffd8f060000 - 0x00007ffd8f10a000 	C:\Windows\system32\msvcrt.dll
0x00007ffd8c230000 - 0x00007ffd8c25e000 	C:\Windows\SYSTEM32\SspiCli.dll
0x00007ffd8f000000 - 0x00007ffd8f054000 	C:\Windows\system32\SHLWAPI.dll
0x00007ffd8ee80000 - 0x00007ffd8eff7000 	C:\Windows\system32\USER32.dll
0x00007ffd8e7a0000 - 0x00007ffd8e934000 	C:\Windows\system32\ole32.dll
0x00007ffd8ceb0000 - 0x00007ffd8e3c9000 	C:\Windows\system32\SHELL32.dll
0x00007ffd8b9b0000 - 0x00007ffd8b9d1000 	C:\Windows\SYSTEM32\USERENV.dll
0x00007ffd8ec80000 - 0x00007ffd8ed2a000 	C:\Windows\system32\ADVAPI32.dll
0x00007ffd7b960000 - 0x00007ffd7b97e000 	C:\Windows\SYSTEM32\MPR.dll
0x00007ffd8e950000 - 0x00007ffd8ea91000 	C:\Windows\system32\RPCRT4.dll
0x00007ffd8c8e0000 - 0x00007ffd8c939000 	C:\Windows\SYSTEM32\sechost.dll
0x00007ffd8c940000 - 0x00007ffd8cb51000 	C:\Windows\SYSTEM32\combase.dll
0x00007ffd8e530000 - 0x00007ffd8e67f000 	C:\Windows\system32\GDI32.dll
0x00007ffd8c390000 - 0x00007ffd8c3a5000 	C:\Windows\SYSTEM32\profapi.dll
0x00007ffd8a960000 - 0x00007ffd8aa12000 	C:\Windows\SYSTEM32\SHCORE.dll
0x00007ffd8f1f0000 - 0x00007ffd8f226000 	C:\Windows\system32\IMM32.DLL
0x00007ffd8e3d0000 - 0x00007ffd8e522000 	C:\Windows\system32\MSCTF.dll
0x00007ffd8a480000 - 0x00007ffd8a6fa000 	C:\Windows\WinSxS\amd64_microsoft.windows.common-controls_6595b64144ccf1df_6.0.9600.17810_none_6240b9c7ecbd0bda\COMCTL32.dll
0x000000005fa70000 - 0x000000005fb42000 	C:\Program Files\Java\jdk1.8.0_91\jre\bin\msvcr100.dll
0x0000000060010000 - 0x00000000608a3000 	C:\Program Files\Java\jdk1.8.0_91\jre\bin\server\jvm.dll
0x00007ffd7dbd0000 - 0x00007ffd7dbd9000 	C:\Windows\SYSTEM32\WSOCK32.dll
0x00007ffd7bc10000 - 0x00007ffd7bc32000 	C:\Windows\SYSTEM32\WINMM.dll
0x00007ffd84b70000 - 0x00007ffd84b7a000 	C:\Windows\SYSTEM32\VERSION.dll
0x00007ffd8f1e0000 - 0x00007ffd8f1e7000 	C:\Windows\system32\PSAPI.DLL
0x00007ffd8e680000 - 0x00007ffd8e6da000 	C:\Windows\system32\WS2_32.dll
0x00007ffd7ba00000 - 0x00007ffd7ba2a000 	C:\Windows\SYSTEM32\WINMMBASE.dll
0x00007ffd8ed30000 - 0x00007ffd8ed39000 	C:\Windows\system32\NSI.dll
0x00007ffd8c510000 - 0x00007ffd8c55f000 	C:\Windows\SYSTEM32\cfgmgr32.dll
0x00007ffd8b180000 - 0x00007ffd8b1a8000 	C:\Windows\SYSTEM32\DEVOBJ.dll
0x000000005ff20000 - 0x000000005ff2f000 	C:\Program Files\Java\jdk1.8.0_91\jre\bin\verify.dll
0x000000005fef0000 - 0x000000005ff19000 	C:\Program Files\Java\jdk1.8.0_91\jre\bin\java.dll
0x000000005fed0000 - 0x000000005fee6000 	C:\Program Files\Java\jdk1.8.0_91\jre\bin\zip.dll

VM Arguments:
jvm_args: -Djava.awt.headless=true -Xmx1024M -Dfile.encoding=windows-1252 -Duser.country=US -Duser.language=en -Duser.variant 
java_command: com.android.dx.command.Main --dex --force-jumbo --num-threads=4 --output C:\Users\Dawn\AndroidStudioProjects\Xpense\app\build\intermediates\pre-dexed\debug\main_66c318d6b24adcd98f4c0c5ee1cdcf58f255ed46.jar C:\Users\Dawn\AndroidStudioProjects\Xpense\app\build\intermediates\transforms\instantRun\debug\folders\1\5\main
java_class_path (initial): D:\Android\android-sdk-windows\build-tools\23.0.3\lib\dx.jar
Launcher Type: SUN_STANDARD

Environment Variables:
JAVA_HOME=C:\Program Files\Java\jdk1.8.0_91
PATH=C:\ProgramData\Oracle\Java\javapath;C:\Windows\system32;C:\Windows;C:\Windows\System32\Wbem;C:\Windows\System32\WindowsPowerShell\v1.0\;C:\Program Files (x86)\Skype\Phone\;C:\adb;C:\Program Files\Java\jdk1.8.0_91\bin;C:\Users\Dawn\AppData\Local\atom\bin
USERNAME=Dawn
OS=Windows_NT
PROCESSOR_IDENTIFIER=Intel64 Family 6 Model 37 Stepping 5, GenuineIntel



---------------  S Y S T E M  ---------------

OS: Windows 8.1 , 64 bit Build 9600 (6.3.9600.17415)

CPU:total 2 (2 cores per cpu, 1 threads per core) family 6 model 37 stepping 5, cmov, cx8, fxsr, mmx, sse, sse2, sse3, ssse3, popcnt, tsc, tscinvbit

Memory: 4k page, physical 5954364k(1067788k free), swap 9100092k(5868k free)

vm_info: Java HotSpot(TM) 64-Bit Server VM (25.91-b14) for windows-amd64 JRE (1.8.0_91-b14), built on Apr  1 2016 00:58:32 by "java_re" with MS VC++ 10.0 (VS2010)

time: Thu May 26 22:35:59 2016
elapsed time: 4 seconds (0d 0h 0m 4s)

